<?xml version="1.0" encoding="UTF-8"?>
<testsuite xmlns:xsi="http://www.w3.org/2001/XMLSchema-instance" xsi:noNamespaceSchemaLocation="https://maven.apache.org/surefire/maven-surefire-plugin/xsd/surefire-test-report-3.0.xsd" version="3.0" name="com.jdev.AppTest" time="5.426" tests="1" errors="0" skipped="0" failures="0">
  <properties>
[...]
</properties>
  <testcase name="contextLoads" classname="com.jdev.AppTest" time="2.366">
    <system-out><![CDATA[16:36:26.244 [main] INFO org.springframework.test.context.support.AnnotationConfigContextLoaderUtils -- Could not detect default configuration classes for test class [com.jdev.AppTest]: AppTest does not declare any static, non-private, non-final, nested classes annotated with @Configuration.
16:36:26.453 [main] INFO org.springframework.boot.test.context.SpringBootTestContextBootstrapper -- Found @SpringBootConfiguration com.jdev.App for test class com.jdev.AppTest

  .   ____          _            __ _ _
 /\\ / ___'_ __ _ _(_)_ __  __ _ \ \ \ \
( ( )\___ | '_ | '_| | '_ \/ _` | \ \ \ \
 \\/  ___)| |_)| | | | | || (_| |  ) ) ) )
  '  |____| .__|_| |_|_| |_\__, | / / / /
 =========|_|==============|___/=/_/_/_/
 :: Spring Boot ::                (v3.1.0)

2023-07-27T16:36:27.058+05:30  INFO 4880 --- [           main] com.jdev.AppTest                         : Starting AppTest using Java 17.0.6 with PID 4880 (started by uday.mekala in C:\Users\uday.mekala\jdev\explore-spring)
2023-07-27T16:36:27.062+05:30  INFO 4880 --- [           main] com.jdev.AppTest                         : No active profile set, falling back to 1 default profile: "default"
2023-07-27T16:36:28.213+05:30  INFO 4880 --- [           main] com.jdev.BeanTest                        : Creating the BeanTest Object BeanTest{number=1, name='bean-test'}, count 1
2023-07-27T16:36:28.216+05:30  WARN 4880 --- [           main] com.jdev.BeanTest                        : BeanTest is initialized BeanTest{number=1, name='bean-test'}
2023-07-27T16:36:28.244+05:30  INFO 4880 --- [           main] com.jdev.LifeCycleTest                   : LifeCycleTest, post construct is called
2023-07-27T16:36:28.336+05:30 ERROR 4880 --- [           main] o.a.catalina.core.AprLifecycleListener   : An incompatible version [1.2.33] of the Apache Tomcat Native library is installed, while Tomcat requires version [1.2.34]
2023-07-27T16:36:28.760+05:30  INFO 4880 --- [           main] c.j.r.config.CustomInterceptorRegistry   : Adding InterprotrRegistry org.springframework.web.servlet.config.annotation.InterceptorRegistry@553bc36c
2023-07-27T16:36:28.963+05:30  INFO 4880 --- [           main] com.jdev.LifeCycleTest                   : LifeCycleTest checking isRunning...
2023-07-27T16:36:28.964+05:30  INFO 4880 --- [           main] com.jdev.LifeCycleTest                   : LifeCycleTest is started...
2023-07-27T16:36:28.980+05:30  INFO 4880 --- [           main] com.jdev.AppTest                         : Started AppTest in 2.302 seconds (process running for 4.437)
]]></system-out>
  </testcase>
</testsuite>